{"uuid":"5096cf32-3e1f-4b24-abb0-89c78bd4cd09","historyId":"ea8ae6f896a5a873f95d76c39ca1221d","fullName":"EmployeeTest9.addEmployeeReport","labels":[{"name":"package","value":"EmployeeTest9"},{"name":"testClass","value":"EmployeeTest9"},{"name":"testMethod","value":"addEmployeeReport"},{"name":"parentSuite","value":"Default Suite"},{"name":"suite","value":"untitled2"},{"name":"subSuite","value":"EmployeeTest9"},{"name":"host","value":"DESKTOP-R2QN3Q9"},{"name":"thread","value":"3384@DESKTOP-R2QN3Q9.main(1)"},{"name":"framework","value":"testng"},{"name":"language","value":"java"},{"name":"story","value":"Add Report"},{"name":"epic","value":"Regression Tests"},{"name":"feature","value":"Add"},{"name":"severity","value":"critical"}],"links":[],"name":"Test Case 9: Add Report ","status":"broken","statusDetails":{"known":false,"muted":false,"flaky":false,"message":"Element should have been \"select\" but was \"div\"\nBuild info: version: '3.141.59', revision: 'e82be7d358', time: '2018-11-14T08:17:03'\nSystem info: host: 'DESKTOP-R2QN3Q9', ip: '192.168.1.38', os.name: 'Windows 10', os.arch: 'amd64', os.version: '10.0', java.version: '21.0.5'\nDriver info: driver.version: unknown","trace":"org.openqa.selenium.support.ui.UnexpectedTagNameException: Element should have been \"select\" but was \"div\"\nBuild info: version: '3.141.59', revision: 'e82be7d358', time: '2018-11-14T08:17:03'\nSystem info: host: 'DESKTOP-R2QN3Q9', ip: '192.168.1.38', os.name: 'Windows 10', os.arch: 'amd64', os.version: '10.0', java.version: '21.0.5'\nDriver info: driver.version: unknown\r\n\tat org.openqa.selenium.support.ui.Select.<init>(Select.java:48)\r\n\tat Pages.AddReportPage.SelectCriteria(AddReportPage.java:61)\r\n\tat Pages.AddReportPage.fillAddReport(AddReportPage.java:42)\r\n\tat Pages.AddReportPage.fillCorrectAddReport(AddReportPage.java:86)\r\n\tat EmployeeTest9.addReport(EmployeeTest9.java:60)\r\n\tat EmployeeTest9.addEmployeeReport(EmployeeTest9.java:42)\r\n\tat java.base/jdk.internal.reflect.DirectMethodHandleAccessor.invoke(DirectMethodHandleAccessor.java:103)\r\n\tat java.base/java.lang.reflect.Method.invoke(Method.java:580)\r\n\tat org.testng.internal.invokers.MethodInvocationHelper.invokeMethod(MethodInvocationHelper.java:141)\r\n\tat org.testng.internal.invokers.TestInvoker.invokeMethod(TestInvoker.java:686)\r\n\tat org.testng.internal.invokers.TestInvoker.invokeTestMethod(TestInvoker.java:230)\r\n\tat org.testng.internal.invokers.MethodRunner.runInSequence(MethodRunner.java:63)\r\n\tat org.testng.internal.invokers.TestInvoker$MethodInvocationAgent.invoke(TestInvoker.java:992)\r\n\tat org.testng.internal.invokers.TestInvoker.invokeTestMethods(TestInvoker.java:203)\r\n\tat org.testng.internal.invokers.TestMethodWorker.invokeTestMethods(TestMethodWorker.java:154)\r\n\tat org.testng.internal.invokers.TestMethodWorker.run(TestMethodWorker.java:134)\r\n\tat java.base/java.util.ArrayList.forEach(ArrayList.java:1596)\r\n\tat org.testng.TestRunner.privateRun(TestRunner.java:739)\r\n\tat org.testng.TestRunner.run(TestRunner.java:614)\r\n\tat org.testng.SuiteRunner.runTest(SuiteRunner.java:421)\r\n\tat org.testng.SuiteRunner.runSequentially(SuiteRunner.java:413)\r\n\tat org.testng.SuiteRunner.privateRun(SuiteRunner.java:373)\r\n\tat org.testng.SuiteRunner.run(SuiteRunner.java:312)\r\n\tat org.testng.SuiteRunnerWorker.runSuite(SuiteRunnerWorker.java:52)\r\n\tat org.testng.SuiteRunnerWorker.run(SuiteRunnerWorker.java:95)\r\n\tat org.testng.TestNG.runSuitesSequentially(TestNG.java:1274)\r\n\tat org.testng.TestNG.runSuitesLocally(TestNG.java:1208)\r\n\tat org.testng.TestNG.runSuites(TestNG.java:1112)\r\n\tat org.testng.TestNG.run(TestNG.java:1079)\r\n\tat com.intellij.rt.testng.IDEARemoteTestNG.run(IDEARemoteTestNG.java:65)\r\n\tat com.intellij.rt.testng.RemoteTestNGStarter.main(RemoteTestNGStarter.java:105)\r\n"},"stage":"finished","description":"1. Tarayıcıyı başlat\n2. 'https://opensource-demo.orangehrmlive.com/web/index.php/auth/login' git\n3. Username ve Pasword alanlarına doğru datalar girilir ve Login butonuna tıklandıktan sonra başarılı bir şekilde Dashboard sayfasına yönlendirildiği doğrulanır\n4. Sidebar menüsünden 'PIM' tıklanır\n5. PIM sayfasındaki Reports butonuna tıklanarak Raporların olduğu sayfaya yönlendirildiği doğrulanır\n6. Employee Reports sayfasında Add butonuna tıklanır ve Add Report sayfasına yönlendirildiği doğrulanır\n7. Kurallara uygun şekilde gerekli parametreler girilir ve Save butonuna tıklanır\n8. Report sayfasında eklenen raporun adı doğrulanır\n\n","steps":[{"name":"Verify Login","status":"passed","stage":"finished","steps":[{"name":"5000 Süresi kadar beklenir","status":"passed","stage":"finished","steps":[],"attachments":[],"parameters":[{"name":"time","value":"5000"}],"start":1744115002368,"stop":1744115007383},{"name":"2000 Süresi kadar beklenir","status":"passed","stage":"finished","steps":[],"attachments":[],"parameters":[{"name":"time","value":"2000"}],"start":1744115007531,"stop":1744115009532},{"name":"2000 Süresi kadar beklenir","status":"passed","stage":"finished","steps":[],"attachments":[],"parameters":[{"name":"time","value":"2000"}],"start":1744115009653,"stop":1744115011663},{"name":"5000 Süresi kadar beklenir","status":"passed","stage":"finished","steps":[],"attachments":[],"parameters":[{"name":"time","value":"5000"}],"start":1744115011775,"stop":1744115016784},{"name":"4000 Süresi kadar beklenir","status":"passed","stage":"finished","steps":[],"attachments":[],"parameters":[{"name":"time","value":"4000"}],"start":1744115016784,"stop":1744115020791},{"name":"2000 Süresi kadar beklenir","status":"passed","stage":"finished","steps":[],"attachments":[],"parameters":[{"name":"time","value":"2000"}],"start":1744115020843,"stop":1744115022844}],"attachments":[],"parameters":[],"start":1744115002352,"stop":1744115022851},{"name":"Sidebar menüsünden 'PIM' tıklanır","status":"passed","stage":"finished","steps":[{"name":"3000 Süresi kadar beklenir","status":"passed","stage":"finished","steps":[],"attachments":[],"parameters":[{"name":"time","value":"3000"}],"start":1744115023530,"stop":1744115026544}],"attachments":[],"parameters":[],"start":1744115022860,"stop":1744115026552},{"name":"PIM sayfasındaki Reports butonuna tıklanarak Raporların olduğu sayfaya yönlendirildiği doğrulanır","status":"passed","stage":"finished","steps":[{"name":"2000 Süresi kadar beklenir","status":"passed","stage":"finished","steps":[],"attachments":[],"parameters":[{"name":"time","value":"2000"}],"start":1744115026962,"stop":1744115028968}],"attachments":[],"parameters":[],"start":1744115026566,"stop":1744115029011},{"name":"Employee Reports sayfasında Add butonuna tıklanır ve Add Report sayfasına yönlendirildiği doğrulanır","status":"passed","stage":"finished","steps":[{"name":"3000 Süresi kadar beklenir","status":"passed","stage":"finished","steps":[],"attachments":[],"parameters":[{"name":"time","value":"3000"}],"start":1744115036518,"stop":1744115039523}],"attachments":[],"parameters":[],"start":1744115029011,"stop":1744115043176},{"name":"Kurallara uygun şekilde gerekli parametreler girilir ve Save butonuna tıklanır","status":"broken","statusDetails":{"known":false,"muted":false,"flaky":false,"message":"Element should have been \"select\" but was \"div\"\nBuild info: version: '3.141.59', revision: 'e82be7d358', time: '2018-11-14T08:17:03'\nSystem info: host: 'DESKTOP-R2QN3Q9', ip: '192.168.1.38', os.name: 'Windows 10', os.arch: 'amd64', os.version: '10.0', java.version: '21.0.5'\nDriver info: driver.version: unknown","trace":"org.openqa.selenium.support.ui.UnexpectedTagNameException: Element should have been \"select\" but was \"div\"\nBuild info: version: '3.141.59', revision: 'e82be7d358', time: '2018-11-14T08:17:03'\nSystem info: host: 'DESKTOP-R2QN3Q9', ip: '192.168.1.38', os.name: 'Windows 10', os.arch: 'amd64', os.version: '10.0', java.version: '21.0.5'\nDriver info: driver.version: unknown\r\n\tat org.openqa.selenium.support.ui.Select.<init>(Select.java:48)\r\n\tat Pages.AddReportPage.SelectCriteria(AddReportPage.java:61)\r\n\tat Pages.AddReportPage.fillAddReport(AddReportPage.java:42)\r\n\tat Pages.AddReportPage.fillCorrectAddReport(AddReportPage.java:86)\r\n\tat EmployeeTest9.addReport(EmployeeTest9.java:60)\r\n\tat EmployeeTest9.addEmployeeReport(EmployeeTest9.java:42)\r\n\tat java.base/jdk.internal.reflect.DirectMethodHandleAccessor.invoke(DirectMethodHandleAccessor.java:103)\r\n\tat java.base/java.lang.reflect.Method.invoke(Method.java:580)\r\n\tat org.testng.internal.invokers.MethodInvocationHelper.invokeMethod(MethodInvocationHelper.java:141)\r\n\tat org.testng.internal.invokers.TestInvoker.invokeMethod(TestInvoker.java:686)\r\n\tat org.testng.internal.invokers.TestInvoker.invokeTestMethod(TestInvoker.java:230)\r\n\tat org.testng.internal.invokers.MethodRunner.runInSequence(MethodRunner.java:63)\r\n\tat org.testng.internal.invokers.TestInvoker$MethodInvocationAgent.invoke(TestInvoker.java:992)\r\n\tat org.testng.internal.invokers.TestInvoker.invokeTestMethods(TestInvoker.java:203)\r\n\tat org.testng.internal.invokers.TestMethodWorker.invokeTestMethods(TestMethodWorker.java:154)\r\n\tat org.testng.internal.invokers.TestMethodWorker.run(TestMethodWorker.java:134)\r\n\tat java.base/java.util.ArrayList.forEach(ArrayList.java:1596)\r\n\tat org.testng.TestRunner.privateRun(TestRunner.java:739)\r\n\tat org.testng.TestRunner.run(TestRunner.java:614)\r\n\tat org.testng.SuiteRunner.runTest(SuiteRunner.java:421)\r\n\tat org.testng.SuiteRunner.runSequentially(SuiteRunner.java:413)\r\n\tat org.testng.SuiteRunner.privateRun(SuiteRunner.java:373)\r\n\tat org.testng.SuiteRunner.run(SuiteRunner.java:312)\r\n\tat org.testng.SuiteRunnerWorker.runSuite(SuiteRunnerWorker.java:52)\r\n\tat org.testng.SuiteRunnerWorker.run(SuiteRunnerWorker.java:95)\r\n\tat org.testng.TestNG.runSuitesSequentially(TestNG.java:1274)\r\n\tat org.testng.TestNG.runSuitesLocally(TestNG.java:1208)\r\n\tat org.testng.TestNG.runSuites(TestNG.java:1112)\r\n\tat org.testng.TestNG.run(TestNG.java:1079)\r\n\tat com.intellij.rt.testng.IDEARemoteTestNG.run(IDEARemoteTestNG.java:65)\r\n\tat com.intellij.rt.testng.RemoteTestNGStarter.main(RemoteTestNGStarter.java:105)\r\n"},"stage":"finished","steps":[{"name":"2000 Süresi kadar beklenir","status":"passed","stage":"finished","steps":[],"attachments":[],"parameters":[{"name":"time","value":"2000"}],"start":1744115043177,"stop":1744115045189}],"attachments":[],"parameters":[],"start":1744115043176,"stop":1744115049582}],"attachments":[],"parameters":[],"start":1744115002317,"stop":1744115049588}